# JRE version: OpenJDK Runtime Environment Microsoft-12574459 (21.0.9+10) (build 21.0.9+10-LTS)
# Java VM: OpenJDK 64-Bit Server VM Microsoft-12574459 (21.0.9+10-LTS, mixed mode, sharing, tiered, compressed oops, compressed class ptrs, g1 gc, windows-amd64)
GC Precious Log:
 CardTable entry size: 512
 Card Set container configuration: InlinePtr #cards 5 size 8 Array Of Cards #cards 12 size 40 Howl #buckets 4 coarsen threshold 1843 Howl Bitmap #cards 512 size 80 coarsen threshold 460 Card regions per heap region 1 cards per card region 2048
 CPUs: 12 total, 12 available
 Memory: 16068M
 Large Page Support: Disabled
 NUMA Support: Disabled
 Compressed Oops: Enabled (32-bit)
 Heap Region Size: 1M
 Heap Min Capacity: 8M
 Heap Initial Capacity: 252M
 Heap Max Capacity: 2G
 Pre-touch: Disabled
 Parallel Workers: 10
 Concurrent Workers: 3
 Concurrent Refinement Workers: 10
 Periodic GC: Disabled
Heap:
 garbage-first heap   total 36864K, used 15546K [0x0000000080000000, 0x0000000100000000)
  region size 1024K, 12 young (12288K), 6 survivors (6144K)
 Metaspace       used 25869K, committed 26368K, reserved 491520K
  class space    used 2948K, committed 3200K, reserved 425984K
GC Heap History (8 events):
Event: 0.771 GC heap before
{Heap before GC invocations=0 (full 0):
 garbage-first heap   total 258048K, used 22528K [0x0000000080000000, 0x0000000100000000)
  region size 1024K, 23 young (23552K), 0 survivors (0K)
 Metaspace       used 8577K, committed 8768K, reserved 491520K
  class space    used 824K, committed 896K, reserved 425984K
}
Event: 0.776 GC heap after
{Heap after GC invocations=1 (full 0):
 garbage-first heap   total 258048K, used 4762K [0x0000000080000000, 0x0000000100000000)
  region size 1024K, 3 young (3072K), 3 survivors (3072K)
 Metaspace       used 8577K, committed 8768K, reserved 491520K
  class space    used 824K, committed 896K, reserved 425984K
}
Event: 1.421 GC heap before
{Heap before GC invocations=1 (full 0):
 garbage-first heap   total 258048K, used 35482K [0x0000000080000000, 0x0000000100000000)
  region size 1024K, 34 young (34816K), 3 survivors (3072K)
 Metaspace       used 16044K, committed 16384K, reserved 491520K
  class space    used 1708K, committed 1856K, reserved 425984K
}
Event: 1.427 GC heap after
{Heap after GC invocations=2 (full 0):
 garbage-first heap   total 258048K, used 6542K [0x0000000080000000, 0x0000000100000000)
  region size 1024K, 3 young (3072K), 3 survivors (3072K)
 Metaspace       used 16044K, committed 16384K, reserved 491520K
  class space    used 1708K, committed 1856K, reserved 425984K
}
Event: 1.910 GC heap before
{Heap before GC invocations=2 (full 0):
 garbage-first heap   total 258048K, used 19854K [0x0000000080000000, 0x0000000100000000)
  region size 1024K, 17 young (17408K), 3 survivors (3072K)
 Metaspace       used 21106K, committed 21504K, reserved 491520K
  class space    used 2291K, committed 2496K, reserved 425984K
}
Event: 1.913 GC heap after
{Heap after GC invocations=3 (full 0):
 garbage-first heap   total 258048K, used 8549K [0x0000000080000000, 0x0000000100000000)
  region size 1024K, 4 young (4096K), 4 survivors (4096K)
 Metaspace       used 21106K, committed 21504K, reserved 491520K
  class space    used 2291K, committed 2496K, reserved 425984K
}
Event: 17.530 GC heap before
{Heap before GC invocations=4 (full 0):
 garbage-first heap   total 30720K, used 29029K [0x0000000080000000, 0x0000000100000000)
  region size 1024K, 25 young (25600K), 4 survivors (4096K)
 Metaspace       used 25051K, committed 25408K, reserved 491520K
  class space    used 2830K, committed 3008K, reserved 425984K
}
Event: 17.547 GC heap after
{Heap after GC invocations=5 (full 0):
 garbage-first heap   total 36864K, used 10426K [0x0000000080000000, 0x0000000100000000)
  region size 1024K, 6 young (6144K), 6 survivors (6144K)
 Metaspace       used 25051K, committed 25408K, reserved 491520K
  class space    used 2830K, committed 3008K, reserved 425984K
}

